[debug] [2021-07-06T06:04:46.788Z] ----------------------------------------------------------------------
[debug] [2021-07-06T06:04:46.790Z] Command:       E:\Node\node.exe C:\Users\NEERAJ\AppData\Roaming\npm\node_modules\firebase-tools\lib\bin\firebase.js init
[debug] [2021-07-06T06:04:46.790Z] CLI Version:   9.14.0
[debug] [2021-07-06T06:04:46.790Z] Platform:      win32
[debug] [2021-07-06T06:04:46.790Z] Node Version:  v16.0.0
[debug] [2021-07-06T06:04:46.792Z] Time:          Tue Jul 06 2021 11:34:46 GMT+0530 (India Standard Time)
[debug] [2021-07-06T06:04:46.792Z] ----------------------------------------------------------------------
[debug] 
[debug] [2021-07-06T06:04:46.798Z] > command requires scopes: ["email","openid","https://www.googleapis.com/auth/cloudplatformprojects.readonly","https://www.googleapis.com/auth/firebase","https://www.googleapis.com/auth/cloud-platform"]
[debug] [2021-07-06T06:04:46.798Z] > authorizing via signed-in user (jangra.nirj2000@gmail.com)
[info] 
     ######## #### ########  ######## ########     ###     ######  ########
     ##        ##  ##     ## ##       ##     ##  ##   ##  ##       ##
     ######    ##  ########  ######   ########  #########  ######  ######
     ##        ##  ##    ##  ##       ##     ## ##     ##       ## ##
     ##       #### ##     ## ######## ########  ##     ##  ######  ########

You're about to initialize a Firebase project in this directory:

  D:\Wardbandi\jct-wb\jct-wardbandi

Before we get started, keep in mind:

  * You are initializing within an existing Firebase project directory

[info] 
=== Project Setup
[info] 
[info] First, let's associate this project directory with a Firebase project.
[info] You can create multiple project aliases by running firebase use --add, 
[info] but for now we'll just set up a default project.
[info] 
[info] i  .firebaserc already has a default project, using jct-wardbandi. 
[debug] [2021-07-06T06:04:53.673Z] >>> [apiv2][query] GET https://firebase.googleapis.com/v1beta1/projects/jct-wardbandi [none]
[debug] [2021-07-06T06:04:54.463Z] <<< [apiv2][status] GET https://firebase.googleapis.com/v1beta1/projects/jct-wardbandi 403
[debug] [2021-07-06T06:04:54.463Z] <<< [apiv2][body] GET https://firebase.googleapis.com/v1beta1/projects/jct-wardbandi {"error":{"code":403,"message":"The caller does not have permission","status":"PERMISSION_DENIED"}}
[debug] [2021-07-06T06:04:54.463Z] HTTP Error: 403, The caller does not have permission
[debug] [2021-07-06T06:04:54.866Z] FirebaseError: HTTP Error: 403, The caller does not have permission
    at module.exports (C:\Users\NEERAJ\AppData\Roaming\npm\node_modules\firebase-tools\lib\responseToError.js:38:12)
    at Client.doRequest (C:\Users\NEERAJ\AppData\Roaming\npm\node_modules\firebase-tools\lib\apiv2.js:238:23)
    at processTicksAndRejections (node:internal/process/task_queues:96:5)
    at async Client.request (C:\Users\NEERAJ\AppData\Roaming\npm\node_modules\firebase-tools\lib\apiv2.js:96:20)
    at async Object.getFirebaseProject (C:\Users\NEERAJ\AppData\Roaming\npm\node_modules\firebase-tools\lib\management\projects.js:290:21)
    at async Object.doSetup [as project] (C:\Users\NEERAJ\AppData\Roaming\npm\node_modules\firebase-tools\lib\init\features\project.js:77:27)
    at async init (C:\Users\NEERAJ\AppData\Roaming\npm\node_modules\firebase-tools\lib\init\index.js:19:9)
[error] 
[error] Error: Failed to get Firebase project jct-wardbandi. Please make sure the project exists and your account has permission to access it.
